<?xml version="1.0" encoding="UTF-8"?>
<!-- Generated by org.testng.reporters.JUnitReportReporter -->
<testsuite hostname="PoojaN-D" failures="0" tests="1" name="com.qa.testcases.AccountTypePageTest" time="5.634" errors="0" timestamp="2024-12-19T12:25:29 IST" skipped="0">
  <testcase classname="com.qa.testcases.AccountTypePageTest" name="verifyHsbcLabel" time="5.634"/>
</testsuite> <!-- com.qa.testcases.AccountTypePageTest -->
