<?xml version="1.0" encoding="UTF-8"?>
<!-- Generated by org.testng.reporters.JUnitReportReporter -->
<testsuite hostname="PoojaN-D" failures="0" tests="3" name="com.qa.testcases.LPtoCmdCentralTest" time="20.051" errors="0" timestamp="2024-12-24T11:01:52 IST" skipped="0">
  <testcase classname="com.qa.testcases.LPtoCmdCentralTest" name="verifyLandingPageTitleTest" time="5.380"/>
  <testcase classname="com.qa.testcases.LPtoCmdCentralTest" name="verifyLogonToLabelTest" time="4.680"/>
  <testcase classname="com.qa.testcases.LPtoCmdCentralTest" name="verifyCommandCentralTest" time="9.991"/>
</testsuite> <!-- com.qa.testcases.LPtoCmdCentralTest -->
