<?xml version="1.0" encoding="UTF-8"?>
<!-- Generated by org.testng.reporters.JUnitReportReporter -->
<testsuite hostname="PoojaN-D" failures="0" tests="3" name="com.qa.testcases.LoginPageTest" time="19.311" errors="0" timestamp="2024-12-24T11:01:52 IST" skipped="0">
  <testcase classname="com.qa.testcases.LoginPageTest" name="loginPageTitleTest" time="9.405"/>
  <testcase classname="com.qa.testcases.LoginPageTest" name="LogoTest" time="3.982"/>
  <testcase classname="com.qa.testcases.LoginPageTest" name="loginTest" time="5.924"/>
</testsuite> <!-- com.qa.testcases.LoginPageTest -->
