<?xml version="1.0" encoding="UTF-8"?>
<!-- Generated by org.testng.reporters.JUnitReportReporter -->
<testsuite hostname="PoojaN-D" failures="0" tests="3" name="com.qa.testcases.LandingPageTest" time="16.212" errors="0" timestamp="2024-12-19T12:25:29 IST" skipped="0">
  <testcase classname="com.qa.testcases.LandingPageTest" name="verifyLandingPageTitleTest" time="5.090"/>
  <testcase classname="com.qa.testcases.LandingPageTest" name="verifyLogonToLabelTest" time="5.077"/>
  <testcase classname="com.qa.testcases.LandingPageTest" name="verifyAccOpeningJourneyTest" time="6.045"/>
</testsuite> <!-- com.qa.testcases.LandingPageTest -->
