<?xml version="1.0" encoding="UTF-8"?>
<!-- Generated by org.testng.reporters.JUnitReportReporter -->
<testsuite hostname="PoojaN-D" failures="0" tests="4" name="com.qa.testcases.LPtoAccOpenTest" time="29.027" errors="0" timestamp="2024-12-24T15:13:42 IST" skipped="0">
  <testcase classname="com.qa.testcases.LPtoAccOpenTest" name="verifyLandingPageTitleTest" time="8.522"/>
  <testcase classname="com.qa.testcases.LPtoAccOpenTest" name="verifyLogonToLabelTest" time="5.008"/>
  <testcase classname="com.qa.testcases.LPtoAccOpenTest" name="verifyAccOpeningJourneyTest" time="6.919"/>
  <testcase classname="com.qa.testcases.LPtoAccOpenTest" name="verifyCommandCentralTest" time="8.578"/>
</testsuite> <!-- com.qa.testcases.LPtoAccOpenTest -->
