<?xml version="1.0" encoding="UTF-8"?>
<!-- Generated by org.testng.reporters.JUnitReportReporter -->
<testsuite hostname="PoojaN-D" failures="0" tests="3" name="com.qa.testcases.LoginPageTest" time="12.372" errors="0" timestamp="2024-12-24T15:13:42 IST" skipped="0">
  <testcase classname="com.qa.testcases.LoginPageTest" name="loginPageTitleTest" time="4.143"/>
  <testcase classname="com.qa.testcases.LoginPageTest" name="LogoTest" time="3.786"/>
  <testcase classname="com.qa.testcases.LoginPageTest" name="loginTest" time="4.443"/>
</testsuite> <!-- com.qa.testcases.LoginPageTest -->
