<?xml version="1.0" encoding="UTF-8"?>
<!-- Generated by org.testng.reporters.JUnitReportReporter -->
<testsuite hostname="PoojaN-D" failures="0" tests="1" name="com.qa.testcases.AccountTypePageTest" time="17.210" errors="0" timestamp="2024-12-24T15:13:42 IST" skipped="0">
  <testcase classname="com.qa.testcases.AccountTypePageTest" name="verifyHsbcLabel" time="17.210"/>
</testsuite> <!-- com.qa.testcases.AccountTypePageTest -->
