<?xml version="1.0" encoding="UTF-8"?>
<!-- Generated by org.testng.reporters.JUnitReportReporter -->
<testsuite hostname="PoojaN-D" failures="0" tests="3" name="com.qa.testcases.LPtoCmdCentralTest" time="20.407" errors="0" timestamp="2024-12-24T15:13:42 IST" skipped="0">
  <testcase classname="com.qa.testcases.LPtoCmdCentralTest" name="verifyLandingPageTitleTest" time="5.713"/>
  <testcase classname="com.qa.testcases.LPtoCmdCentralTest" name="verifyLogonToLabelTest" time="5.033"/>
  <testcase classname="com.qa.testcases.LPtoCmdCentralTest" name="verifyCommandCentralTest" time="9.661"/>
</testsuite> <!-- com.qa.testcases.LPtoCmdCentralTest -->
